# JRE version: Java(TM) SE Runtime Environment (8.0_144-b01) (build 1.8.0_144-b01)
# Java VM: Java HotSpot(TM) 64-Bit Server VM (25.144-b01 mixed mode bsd-amd64 compressed oops)
Heap:
 PSYoungGen      total 180224K, used 41221K [0x00000007b0000000, 0x00000007c0000000, 0x00000007c0000000)
  eden space 140288K, 1% used [0x00000007b0000000,0x00000007b019d738,0x00000007b8900000)
  from space 39936K, 99% used [0x00000007b8900000,0x00000007bafa3f30,0x00000007bb000000)
  to   space 61440K, 0% used [0x00000007bc400000,0x00000007bc400000,0x00000007c0000000)
 ParOldGen       total 524288K, used 80617K [0x0000000790000000, 0x00000007b0000000, 0x00000007b0000000)
  object space 524288K, 15% used [0x0000000790000000,0x0000000794eba438,0x00000007b0000000)
 Metaspace       used 71179K, capacity 75488K, committed 75688K, reserved 1114112K
  class space    used 9424K, capacity 10648K, committed 10664K, reserved 1048576K
GC Heap History (10 events):
Event: 758.877 GC heap before
{Heap before GC invocations=34 (full 3):
 PSYoungGen      total 202240K, used 200984K [0x00000007b0000000, 0x00000007c0000000, 0x00000007c0000000)
  eden space 159744K, 99% used [0x00000007b0000000,0x00000007b9bd47a0,0x00000007b9c00000)
  from space 42496K, 97% used [0x00000007bd680000,0x00000007bfef1bc8,0x00000007c0000000)
  to   space 51200K, 0% used [0x00000007b9c00000,0x00000007b9c00000,0x00000007bce00000)
 ParOldGen       total 524288K, used 76423K [0x0000000790000000, 0x00000007b0000000, 0x00000007b0000000)
  object space 524288K, 14% used [0x0000000790000000,0x0000000794aa1dd0,0x00000007b0000000)
 Metaspace       used 70319K, capacity 74390K, committed 74536K, reserved 1114112K
  class space    used 9313K, capacity 10502K, committed 10536K, reserved 1048576K
Event: 758.923 GC heap after
Heap after GC invocations=34 (full 3):
 PSYoungGen      total 200192K, used 41738K [0x00000007b0000000, 0x00000007c0000000, 0x00000007c0000000)
  eden space 158208K, 0% used [0x00000007b0000000,0x00000007b0000000,0x00000007b9a80000)
  from space 41984K, 99% used [0x00000007b9c00000,0x00000007bc4c2a50,0x00000007bc500000)
  to   space 54784K, 0% used [0x00000007bca80000,0x00000007bca80000,0x00000007c0000000)
 ParOldGen       total 524288K, used 76431K [0x0000000790000000, 0x00000007b0000000, 0x00000007b0000000)
  object space 524288K, 14% used [0x0000000790000000,0x0000000794aa3dd0,0x00000007b0000000)
 Metaspace       used 70319K, capacity 74390K, committed 74536K, reserved 1114112K
  class space    used 9313K, capacity 10502K, committed 10536K, reserved 1048576K
}
Event: 777.183 GC heap before
{Heap before GC invocations=35 (full 3):
 PSYoungGen      total 200192K, used 199946K [0x00000007b0000000, 0x00000007c0000000, 0x00000007c0000000)
  eden space 158208K, 100% used [0x00000007b0000000,0x00000007b9a80000,0x00000007b9a80000)
  from space 41984K, 99% used [0x00000007b9c00000,0x00000007bc4c2a50,0x00000007bc500000)
  to   space 54784K, 0% used [0x00000007bca80000,0x00000007bca80000,0x00000007c0000000)
 ParOldGen       total 524288K, used 76431K [0x0000000790000000, 0x00000007b0000000, 0x00000007b0000000)
  object space 524288K, 14% used [0x0000000790000000,0x0000000794aa3dd0,0x00000007b0000000)
 Metaspace       used 70532K, capacity 74728K, committed 74920K, reserved 1114112K
  class space    used 9361K, capacity 10558K, committed 10664K, reserved 1048576K
Event: 777.223 GC heap after
Heap after GC invocations=35 (full 3):
 PSYoungGen      total 202240K, used 40335K [0x00000007b0000000, 0x00000007c0000000, 0x00000007c0000000)
  eden space 147456K, 0% used [0x00000007b0000000,0x00000007b0000000,0x00000007b9000000)
  from space 54784K, 73% used [0x00000007bca80000,0x00000007bf1e3d98,0x00000007c0000000)
  to   space 57344K, 0% used [0x00000007b9000000,0x00000007b9000000,0x00000007bc800000)
 ParOldGen       total 524288K, used 76439K [0x0000000790000000, 0x00000007b0000000, 0x00000007b0000000)
  object space 524288K, 14% used [0x0000000790000000,0x0000000794aa5dd0,0x00000007b0000000)
 Metaspace       used 70532K, capacity 74728K, committed 74920K, reserved 1114112K
  class space    used 9361K, capacity 10558K, committed 10664K, reserved 1048576K
}
Event: 792.739 GC heap before
{Heap before GC invocations=36 (full 3):
 PSYoungGen      total 202240K, used 187791K [0x00000007b0000000, 0x00000007c0000000, 0x00000007c0000000)
  eden space 147456K, 100% used [0x00000007b0000000,0x00000007b9000000,0x00000007b9000000)
  from space 54784K, 73% used [0x00000007bca80000,0x00000007bf1e3d98,0x00000007c0000000)
  to   space 57344K, 0% used [0x00000007b9000000,0x00000007b9000000,0x00000007bc800000)
 ParOldGen       total 524288K, used 76439K [0x0000000790000000, 0x00000007b0000000, 0x00000007b0000000)
  object space 524288K, 14% used [0x0000000790000000,0x0000000794aa5dd0,0x00000007b0000000)
 Metaspace       used 70716K, capacity 74986K, committed 75176K, reserved 1114112K
  class space    used 9407K, capacity 10637K, committed 10664K, reserved 1048576K
Event: 792.775 GC heap after
Heap after GC invocations=36 (full 3):
 PSYoungGen      total 187392K, used 41343K [0x00000007b0000000, 0x00000007c0000000, 0x00000007c0000000)
  eden space 145920K, 0% used [0x00000007b0000000,0x00000007b0000000,0x00000007b8e80000)
  from space 41472K, 99% used [0x00000007b9000000,0x00000007bb85fd88,0x00000007bb880000)
  to   space 59392K, 0% used [0x00000007bc600000,0x00000007bc600000,0x00000007c0000000)
 ParOldGen       total 524288K, used 76447K [0x0000000790000000, 0x00000007b0000000, 0x00000007b0000000)
  object space 524288K, 14% used [0x0000000790000000,0x0000000794aa7dd0,0x00000007b0000000)
 Metaspace       used 70716K, capacity 74986K, committed 75176K, reserved 1114112K
  class space    used 9407K, capacity 10637K, committed 10664K, reserved 1048576K
}
Event: 808.811 GC heap before
{Heap before GC invocations=37 (full 3):
 PSYoungGen      total 187392K, used 187263K [0x00000007b0000000, 0x00000007c0000000, 0x00000007c0000000)
  eden space 145920K, 100% used [0x00000007b0000000,0x00000007b8e80000,0x00000007b8e80000)
  from space 41472K, 99% used [0x00000007b9000000,0x00000007bb85fd88,0x00000007bb880000)
  to   space 59392K, 0% used [0x00000007bc600000,0x00000007bc600000,0x00000007c0000000)
 ParOldGen       total 524288K, used 76447K [0x0000000790000000, 0x00000007b0000000, 0x00000007b0000000)
  object space 524288K, 14% used [0x0000000790000000,0x0000000794aa7dd0,0x00000007b0000000)
 Metaspace       used 70877K, capacity 75168K, committed 75432K, reserved 1114112K
  class space    used 9418K, capacity 10648K, committed 10664K, reserved 1048576K
Event: 808.852 GC heap after
Heap after GC invocations=37 (full 3):
 PSYoungGen      total 199680K, used 42079K [0x00000007b0000000, 0x00000007c0000000, 0x00000007c0000000)
  eden space 140288K, 0% used [0x00000007b0000000,0x00000007b0000000,0x00000007b8900000)
  from space 59392K, 70% used [0x00000007bc600000,0x00000007bef17d68,0x00000007c0000000)
  to   space 60928K, 0% used [0x00000007b8900000,0x00000007b8900000,0x00000007bc480000)
 ParOldGen       total 524288K, used 76455K [0x0000000790000000, 0x00000007b0000000, 0x00000007b0000000)
  object space 524288K, 14% used [0x0000000790000000,0x0000000794aa9dd0,0x00000007b0000000)
 Metaspace       used 70877K, capacity 75168K, committed 75432K, reserved 1114112K
  class space    used 9418K, capacity 10648K, committed 10664K, reserved 1048576K
}
Event: 868.240 GC heap before
{Heap before GC invocations=38 (full 3):
 PSYoungGen      total 199680K, used 182367K [0x00000007b0000000, 0x00000007c0000000, 0x00000007c0000000)
  eden space 140288K, 100% used [0x00000007b0000000,0x00000007b8900000,0x00000007b8900000)
  from space 59392K, 70% used [0x00000007bc600000,0x00000007bef17d68,0x00000007c0000000)
  to   space 60928K, 0% used [0x00000007b8900000,0x00000007b8900000,0x00000007bc480000)
 ParOldGen       total 524288K, used 76455K [0x0000000790000000, 0x00000007b0000000, 0x00000007b0000000)
  object space 524288K, 14% used [0x0000000790000000,0x0000000794aa9dd0,0x00000007b0000000)
 Metaspace       used 71179K, capacity 75488K, committed 75688K, reserved 1114112K
  class space    used 9424K, capacity 10648K, committed 10664K, reserved 1048576K
Event: 868.316 GC heap after
Heap after GC invocations=38 (full 3):
 PSYoungGen      total 180224K, used 39567K [0x00000007b0000000, 0x00000007c0000000, 0x00000007c0000000)
  eden space 140288K, 0% used [0x00000007b0000000,0x00000007b0000000,0x00000007b8900000)
  from space 39936K, 99% used [0x00000007b8900000,0x00000007bafa3f30,0x00000007bb000000)
  to   space 61440K, 0% used [0x00000007bc400000,0x00000007bc400000,0x00000007c0000000)
 ParOldGen       total 524288K, used 80617K [0x0000000790000000, 0x00000007b0000000, 0x00000007b0000000)
  object space 524288K, 15% used [0x0000000790000000,0x0000000794eba438,0x00000007b0000000)
 Metaspace       used 71179K, capacity 75488K, committed 75688K, reserved 1114112K
  class space    used 9424K, capacity 10648K, committed 10664K, reserved 1048576K
}

